level: 1
11111000000000000000000000011111111111010101010101010101010101010101010101010101010101010101010101010111111001111111111111111111111111111111111111111111111111111111111111111111111111111111111111111111111111111111111111111111111111100111111111111111111111111111111111111111111111111111111111111111111011111111100111111010111111111111111111111001001000111111111111111111110000011110111111111111111111111110100001

level: 2
11111000000000000000000000011111111111010101010101010101010101010101010101010101010101010101010101010111111111111111111111111111111111111111111111111111111111111111100111111111111111111111111111111111111111111111111111111111111111111111111111111111111001111111111111111111111111111111111111111111111010111111100111111000111111111111111111110000111111111111111111111111111010010100111111111111111111111110111100

level: 3
11111000000000000000000000011111111111010101010101010101010101010101010101010101010101010101010101010111111111111111111111111111111111111111111111111111111111111111111001111111111111111111111111111111111111111111111111111111111111111111111111111111111110011111111111111111111111111111111111111111111100111111001111111100111111111111111111111110011110111111111111111111111010110011111111111111111111110000100000

level: 1
11111000000000000000000000011111111111010101010101010101010101010101010101010101010101010101010101010111111111111111111111111111111111111111111001111111111111111111111111111111111111111111111111111111111110011111111111111111111111111111111001111111111111111111111111111111111111111111111111111111111011111111011111111000111111111111111111110001001011111111111111111111111001011010111111111111111111110111100011

level: 2
11111000000000000000000000011111111111010101010101010101010101010101010101010101010101010101010101010111111111111111111111111111111001111111111111111111111111111111111111111111111111111111111111111111111111111111111111111111111111111111100111111111111111111111111111111111111111111111111111111111111010111111001111111001111111111111111111111011100011111111111111111111111010011011111111111111111111111110101010

level: 3
11111000000000000000000000011111111111010101010101010101010101010101010101010101010101010101010101010111111110011111111111111111111111111111111111111111111111111111111111111111111111111111111111111111111111111111111111111111111111111111111111111111111111111111111111111001111111111111111111111111111001111111001111111000111111111111111111111111100110111111111111111111111101101011111111111111111111111011110000

level: 1
11111000000000000000000000011111111111010101010101010101010101010101010101010101010101010101010101010111111111111111111111111111111111111111111111111111111111111111111111111111111111111111111111100111111111111111111111111111111111111111111110011111111111111111111111111111111111111111111111111111111001111111100111111010111111111111111111111010010000111111111111111111110101111001111111111111111111110111111011

level: 2
11111000000000000000000000011111111111010101010101010101010101010101010101010101010101010101010101010111111111111111111111111111111111111111111111111111111111111111111110011111111111111111111111111111111111111111111111111111111111111111111111111111111111111111111111111111111111111111111111111111111001111111010111111011111111111111111111111101011101111111111111111111111000000100111111111111111111111101000100

level: 3
11111000000000000000000000011111111111010101010101010101010101010101010101010101010101010101010101010111111111111111111111111111111111111001111111111111111111111111111111111001111111111111111111111111111111111111111111111111111111111111111111111111111111111111111111111111111111111111111111111111111000111111011111111000111111111111111111111110011011111111111111111111110111100111111111111111111111110010000010

level: 1
11111000000000000000000000011111111111010101010101010101010101010101010101010101010101010101010101010111111111111111111111111111100111111111111111111111111111111111111111111111111111111111111001111111111111111111111111111111111111111111111111111111111111111001111111111111111111111111111111111111111011111111001111111011111111111111111111111100110010111111111111111111110001110001111111111111111111111110001101

level: 2
11111000000000000000000000011111111111010101010101010101010101010101010101010101010101010101010101010111111111111111111111111111111111111111111111111111111111111111111111111111111111111111111111111111111001111111111111111111111111111111111111100111111111111111111111111111111111111111111111111111111111111111011111111011111111111111111111111111111111111111111111111111110110011000111111111111111111111010010001

